# JRE version: OpenJDK Runtime Environment Temurin-17.0.12+7 (17.0.12+7) (build 17.0.12+7)
# Java VM: OpenJDK 64-Bit Server VM Temurin-17.0.12+7 (17.0.12+7, mixed mode, tiered, compressed oops, compressed class ptrs, parallel gc, windows-amd64)
GC Precious Log:
 CPUs: 8 total, 8 available
 Memory: 16289M
 Large Page Support: Disabled
 NUMA Support: Disabled
 Compressed Oops: Enabled (32-bit)
 Alignments: Space 512K, Generation 512K, Heap 2M
 Heap Min Capacity: 100M
 Heap Initial Capacity: 100M
 Heap Max Capacity: 1G
 Pre-touch: Disabled
 Parallel Workers: 8
Heap:
 PSYoungGen      total 19968K, used 15902K [0x00000000eab00000, 0x00000000ec600000, 0x0000000100000000)
  eden space 18432K, 77% used [0x00000000eab00000,0x00000000eb90a1b8,0x00000000ebd00000)
  from space 1536K, 99% used [0x00000000ebe00000,0x00000000ebf7d808,0x00000000ebf80000)
  to   space 4608K, 0% used [0x00000000ec180000,0x00000000ec180000,0x00000000ec600000)
 ParOldGen       total 68608K, used 32043K [0x00000000c0000000, 0x00000000c4300000, 0x00000000eab00000)
  object space 68608K, 46% used [0x00000000c0000000,0x00000000c1f4ad10,0x00000000c4300000)
 Metaspace       used 61827K, committed 62912K, reserved 1114112K
  class space    used 6635K, committed 7104K, reserved 1048576K
GC Heap History (20 events):
Event: 79.710 GC heap before
{Heap before GC invocations=23 (full 2):
 PSYoungGen      total 22016K, used 22004K [0x00000000eab00000, 0x00000000ecb80000, 0x0000000100000000)
  eden space 19456K, 100% used [0x00000000eab00000,0x00000000ebe00000,0x00000000ebe00000)
  from space 2560K, 99% used [0x00000000ec380000,0x00000000ec5fd3f8,0x00000000ec600000)
  to   space 5632K, 0% used [0x00000000ebe00000,0x00000000ebe00000,0x00000000ec380000)
 ParOldGen       total 68608K, used 24731K [0x00000000c0000000, 0x00000000c4300000, 0x00000000eab00000)
  object space 68608K, 36% used [0x00000000c0000000,0x00000000c1826f80,0x00000000c4300000)
 Metaspace       used 55505K, committed 56512K, reserved 1114112K
  class space    used 6041K, committed 6464K, reserved 1048576K
}
Event: 79.713 GC heap after
{Heap after GC invocations=23 (full 2):
 PSYoungGen      total 25088K, used 5072K [0x00000000eab00000, 0x00000000ec900000, 0x0000000100000000)
  eden space 19456K, 0% used [0x00000000eab00000,0x00000000eab00000,0x00000000ebe00000)
  from space 5632K, 90% used [0x00000000ebe00000,0x00000000ec2f4048,0x00000000ec380000)
  to   space 5632K, 0% used [0x00000000ec380000,0x00000000ec380000,0x00000000ec900000)
 ParOldGen       total 68608K, used 25347K [0x00000000c0000000, 0x00000000c4300000, 0x00000000eab00000)
  object space 68608K, 36% used [0x00000000c0000000,0x00000000c18c0d40,0x00000000c4300000)
 Metaspace       used 55505K, committed 56512K, reserved 1114112K
  class space    used 6041K, committed 6464K, reserved 1048576K
}
Event: 79.826 GC heap before
{Heap before GC invocations=24 (full 2):
 PSYoungGen      total 25088K, used 24528K [0x00000000eab00000, 0x00000000ec900000, 0x0000000100000000)
  eden space 19456K, 100% used [0x00000000eab00000,0x00000000ebe00000,0x00000000ebe00000)
  from space 5632K, 90% used [0x00000000ebe00000,0x00000000ec2f4048,0x00000000ec380000)
  to   space 5632K, 0% used [0x00000000ec380000,0x00000000ec380000,0x00000000ec900000)
 ParOldGen       total 68608K, used 25347K [0x00000000c0000000, 0x00000000c4300000, 0x00000000eab00000)
  object space 68608K, 36% used [0x00000000c0000000,0x00000000c18c0d40,0x00000000c4300000)
 Metaspace       used 55513K, committed 56512K, reserved 1114112K
  class space    used 6041K, committed 6464K, reserved 1048576K
}
Event: 79.829 GC heap after
{Heap after GC invocations=24 (full 2):
 PSYoungGen      total 24064K, used 5616K [0x00000000eab00000, 0x00000000ecb00000, 0x0000000100000000)
  eden space 18432K, 0% used [0x00000000eab00000,0x00000000eab00000,0x00000000ebd00000)
  from space 5632K, 99% used [0x00000000ec380000,0x00000000ec8fc018,0x00000000ec900000)
  to   space 6656K, 0% used [0x00000000ebd00000,0x00000000ebd00000,0x00000000ec380000)
 ParOldGen       total 68608K, used 25739K [0x00000000c0000000, 0x00000000c4300000, 0x00000000eab00000)
  object space 68608K, 37% used [0x00000000c0000000,0x00000000c1922da0,0x00000000c4300000)
 Metaspace       used 55513K, committed 56512K, reserved 1114112K
  class space    used 6041K, committed 6464K, reserved 1048576K
}
Event: 80.815 GC heap before
{Heap before GC invocations=25 (full 2):
 PSYoungGen      total 24064K, used 24048K [0x00000000eab00000, 0x00000000ecb00000, 0x0000000100000000)
  eden space 18432K, 99% used [0x00000000eab00000,0x00000000ebcffff0,0x00000000ebd00000)
  from space 5632K, 99% used [0x00000000ec380000,0x00000000ec8fc018,0x00000000ec900000)
  to   space 6656K, 0% used [0x00000000ebd00000,0x00000000ebd00000,0x00000000ec380000)
 ParOldGen       total 68608K, used 25739K [0x00000000c0000000, 0x00000000c4300000, 0x00000000eab00000)
  object space 68608K, 37% used [0x00000000c0000000,0x00000000c1922da0,0x00000000c4300000)
 Metaspace       used 56426K, committed 57536K, reserved 1114112K
  class space    used 6139K, committed 6592K, reserved 1048576K
}
Event: 80.817 GC heap after
{Heap after GC invocations=25 (full 2):
 PSYoungGen      total 19456K, used 608K [0x00000000eab00000, 0x00000000ec400000, 0x0000000100000000)
  eden space 18432K, 0% used [0x00000000eab00000,0x00000000eab00000,0x00000000ebd00000)
  from space 1024K, 59% used [0x00000000ebd00000,0x00000000ebd98000,0x00000000ebe00000)
  to   space 3072K, 0% used [0x00000000ec100000,0x00000000ec100000,0x00000000ec400000)
 ParOldGen       total 68608K, used 25895K [0x00000000c0000000, 0x00000000c4300000, 0x00000000eab00000)
  object space 68608K, 37% used [0x00000000c0000000,0x00000000c1949db8,0x00000000c4300000)
 Metaspace       used 56426K, committed 57536K, reserved 1114112K
  class space    used 6139K, committed 6592K, reserved 1048576K
}
Event: 82.046 GC heap before
{Heap before GC invocations=26 (full 2):
 PSYoungGen      total 19456K, used 19040K [0x00000000eab00000, 0x00000000ec400000, 0x0000000100000000)
  eden space 18432K, 100% used [0x00000000eab00000,0x00000000ebd00000,0x00000000ebd00000)
  from space 1024K, 59% used [0x00000000ebd00000,0x00000000ebd98000,0x00000000ebe00000)
  to   space 3072K, 0% used [0x00000000ec100000,0x00000000ec100000,0x00000000ec400000)
 ParOldGen       total 68608K, used 25895K [0x00000000c0000000, 0x00000000c4300000, 0x00000000eab00000)
  object space 68608K, 37% used [0x00000000c0000000,0x00000000c1949db8,0x00000000c4300000)
 Metaspace       used 57840K, committed 58880K, reserved 1114112K
  class space    used 6274K, committed 6720K, reserved 1048576K
}
Event: 82.048 GC heap after
{Heap after GC invocations=26 (full 2):
 PSYoungGen      total 19968K, used 1320K [0x00000000eab00000, 0x00000000ec280000, 0x0000000100000000)
  eden space 18432K, 0% used [0x00000000eab00000,0x00000000eab00000,0x00000000ebd00000)
  from space 1536K, 85% used [0x00000000ec100000,0x00000000ec24a018,0x00000000ec280000)
  to   space 1536K, 0% used [0x00000000ebf80000,0x00000000ebf80000,0x00000000ec100000)
 ParOldGen       total 68608K, used 26340K [0x00000000c0000000, 0x00000000c4300000, 0x00000000eab00000)
  object space 68608K, 38% used [0x00000000c0000000,0x00000000c19b93e0,0x00000000c4300000)
 Metaspace       used 57840K, committed 58880K, reserved 1114112K
  class space    used 6274K, committed 6720K, reserved 1048576K
}
Event: 82.826 GC heap before
{Heap before GC invocations=27 (full 2):
 PSYoungGen      total 19968K, used 14776K [0x00000000eab00000, 0x00000000ec280000, 0x0000000100000000)
  eden space 18432K, 73% used [0x00000000eab00000,0x00000000eb824380,0x00000000ebd00000)
  from space 1536K, 85% used [0x00000000ec100000,0x00000000ec24a018,0x00000000ec280000)
  to   space 1536K, 0% used [0x00000000ebf80000,0x00000000ebf80000,0x00000000ec100000)
 ParOldGen       total 68608K, used 26340K [0x00000000c0000000, 0x00000000c4300000, 0x00000000eab00000)
  object space 68608K, 38% used [0x00000000c0000000,0x00000000c19b93e0,0x00000000c4300000)
 Metaspace       used 58760K, committed 59776K, reserved 1114112K
  class space    used 6362K, committed 6848K, reserved 1048576K
}
Event: 82.836 GC heap after
{Heap after GC invocations=27 (full 2):
 PSYoungGen      total 19968K, used 1536K [0x00000000eab00000, 0x00000000ec400000, 0x0000000100000000)
  eden space 18432K, 0% used [0x00000000eab00000,0x00000000eab00000,0x00000000ebd00000)
  from space 1536K, 100% used [0x00000000ebf80000,0x00000000ec100000,0x00000000ec100000)
  to   space 3072K, 0% used [0x00000000ec100000,0x00000000ec100000,0x00000000ec400000)
 ParOldGen       total 68608K, used 27818K [0x00000000c0000000, 0x00000000c4300000, 0x00000000eab00000)
  object space 68608K, 40% used [0x00000000c0000000,0x00000000c1b2aac0,0x00000000c4300000)
 Metaspace       used 58760K, committed 59776K, reserved 1114112K
  class space    used 6362K, committed 6848K, reserved 1048576K
}
Event: 82.836 GC heap before
{Heap before GC invocations=28 (full 3):
 PSYoungGen      total 19968K, used 1536K [0x00000000eab00000, 0x00000000ec400000, 0x0000000100000000)
  eden space 18432K, 0% used [0x00000000eab00000,0x00000000eab00000,0x00000000ebd00000)
  from space 1536K, 100% used [0x00000000ebf80000,0x00000000ec100000,0x00000000ec100000)
  to   space 3072K, 0% used [0x00000000ec100000,0x00000000ec100000,0x00000000ec400000)
 ParOldGen       total 68608K, used 27818K [0x00000000c0000000, 0x00000000c4300000, 0x00000000eab00000)
  object space 68608K, 40% used [0x00000000c0000000,0x00000000c1b2aac0,0x00000000c4300000)
 Metaspace       used 58760K, committed 59776K, reserved 1114112K
  class space    used 6362K, committed 6848K, reserved 1048576K
}
Event: 82.936 GC heap after
{Heap after GC invocations=28 (full 3):
 PSYoungGen      total 19968K, used 0K [0x00000000eab00000, 0x00000000ec400000, 0x0000000100000000)
  eden space 18432K, 0% used [0x00000000eab00000,0x00000000eab00000,0x00000000ebd00000)
  from space 1536K, 0% used [0x00000000ebf80000,0x00000000ebf80000,0x00000000ec100000)
  to   space 3072K, 0% used [0x00000000ec100000,0x00000000ec100000,0x00000000ec400000)
 ParOldGen       total 68608K, used 26100K [0x00000000c0000000, 0x00000000c4300000, 0x00000000eab00000)
  object space 68608K, 38% used [0x00000000c0000000,0x00000000c197d1f0,0x00000000c4300000)
 Metaspace       used 58760K, committed 59776K, reserved 1114112K
  class space    used 6362K, committed 6848K, reserved 1048576K
}
Event: 83.793 GC heap before
{Heap before GC invocations=29 (full 3):
 PSYoungGen      total 19968K, used 18432K [0x00000000eab00000, 0x00000000ec400000, 0x0000000100000000)
  eden space 18432K, 100% used [0x00000000eab00000,0x00000000ebd00000,0x00000000ebd00000)
  from space 1536K, 0% used [0x00000000ebf80000,0x00000000ebf80000,0x00000000ec100000)
  to   space 3072K, 0% used [0x00000000ec100000,0x00000000ec100000,0x00000000ec400000)
 ParOldGen       total 68608K, used 26100K [0x00000000c0000000, 0x00000000c4300000, 0x00000000eab00000)
  object space 68608K, 38% used [0x00000000c0000000,0x00000000c197d1f0,0x00000000c4300000)
 Metaspace       used 59230K, committed 60224K, reserved 1114112K
  class space    used 6409K, committed 6848K, reserved 1048576K
}
Event: 83.819 GC heap after
{Heap after GC invocations=29 (full 3):
 PSYoungGen      total 21504K, used 2925K [0x00000000eab00000, 0x00000000ec400000, 0x0000000100000000)
  eden space 18432K, 0% used [0x00000000eab00000,0x00000000eab00000,0x00000000ebd00000)
  from space 3072K, 95% used [0x00000000ec100000,0x00000000ec3db530,0x00000000ec400000)
  to   space 3072K, 0% used [0x00000000ebe00000,0x00000000ebe00000,0x00000000ec100000)
 ParOldGen       total 68608K, used 26108K [0x00000000c0000000, 0x00000000c4300000, 0x00000000eab00000)
  object space 68608K, 38% used [0x00000000c0000000,0x00000000c197f1f0,0x00000000c4300000)
 Metaspace       used 59230K, committed 60224K, reserved 1114112K
  class space    used 6409K, committed 6848K, reserved 1048576K
}
Event: 84.713 GC heap before
{Heap before GC invocations=30 (full 3):
 PSYoungGen      total 21504K, used 21357K [0x00000000eab00000, 0x00000000ec400000, 0x0000000100000000)
  eden space 18432K, 100% used [0x00000000eab00000,0x00000000ebd00000,0x00000000ebd00000)
  from space 3072K, 95% used [0x00000000ec100000,0x00000000ec3db530,0x00000000ec400000)
  to   space 3072K, 0% used [0x00000000ebe00000,0x00000000ebe00000,0x00000000ec100000)
 ParOldGen       total 68608K, used 26108K [0x00000000c0000000, 0x00000000c4300000, 0x00000000eab00000)
  object space 68608K, 38% used [0x00000000c0000000,0x00000000c197f1f0,0x00000000c4300000)
 Metaspace       used 59648K, committed 60736K, reserved 1114112K
  class space    used 6432K, committed 6912K, reserved 1048576K
}
Event: 84.715 GC heap after
{Heap after GC invocations=30 (full 3):
 PSYoungGen      total 19968K, used 1184K [0x00000000eab00000, 0x00000000ec180000, 0x0000000100000000)
  eden space 18432K, 0% used [0x00000000eab00000,0x00000000eab00000,0x00000000ebd00000)
  from space 1536K, 77% used [0x00000000ebe00000,0x00000000ebf28000,0x00000000ebf80000)
  to   space 2048K, 0% used [0x00000000ebf80000,0x00000000ebf80000,0x00000000ec180000)
 ParOldGen       total 68608K, used 28679K [0x00000000c0000000, 0x00000000c4300000, 0x00000000eab00000)
  object space 68608K, 41% used [0x00000000c0000000,0x00000000c1c01ed0,0x00000000c4300000)
 Metaspace       used 59648K, committed 60736K, reserved 1114112K
  class space    used 6432K, committed 6912K, reserved 1048576K
}
Event: 85.317 GC heap before
{Heap before GC invocations=31 (full 3):
 PSYoungGen      total 19968K, used 19616K [0x00000000eab00000, 0x00000000ec180000, 0x0000000100000000)
  eden space 18432K, 100% used [0x00000000eab00000,0x00000000ebd00000,0x00000000ebd00000)
  from space 1536K, 77% used [0x00000000ebe00000,0x00000000ebf28000,0x00000000ebf80000)
  to   space 2048K, 0% used [0x00000000ebf80000,0x00000000ebf80000,0x00000000ec180000)
 ParOldGen       total 68608K, used 28679K [0x00000000c0000000, 0x00000000c4300000, 0x00000000eab00000)
  object space 68608K, 41% used [0x00000000c0000000,0x00000000c1c01ed0,0x00000000c4300000)
 Metaspace       used 60366K, committed 61504K, reserved 1114112K
  class space    used 6488K, committed 6976K, reserved 1048576K
}
Event: 85.346 GC heap after
{Heap after GC invocations=31 (full 3):
 PSYoungGen      total 19968K, used 1440K [0x00000000eab00000, 0x00000000ec100000, 0x0000000100000000)
  eden space 18432K, 0% used [0x00000000eab00000,0x00000000eab00000,0x00000000ebd00000)
  from space 1536K, 93% used [0x00000000ebf80000,0x00000000ec0e8030,0x00000000ec100000)
  to   space 1536K, 0% used [0x00000000ebe00000,0x00000000ebe00000,0x00000000ebf80000)
 ParOldGen       total 68608K, used 29683K [0x00000000c0000000, 0x00000000c4300000, 0x00000000eab00000)
  object space 68608K, 43% used [0x00000000c0000000,0x00000000c1cfcee0,0x00000000c4300000)
 Metaspace       used 60366K, committed 61504K, reserved 1114112K
  class space    used 6488K, committed 6976K, reserved 1048576K
}
Event: 86.204 GC heap before
{Heap before GC invocations=32 (full 3):
 PSYoungGen      total 19968K, used 19866K [0x00000000eab00000, 0x00000000ec100000, 0x0000000100000000)
  eden space 18432K, 99% used [0x00000000eab00000,0x00000000ebcfebc0,0x00000000ebd00000)
  from space 1536K, 93% used [0x00000000ebf80000,0x00000000ec0e8030,0x00000000ec100000)
  to   space 1536K, 0% used [0x00000000ebe00000,0x00000000ebe00000,0x00000000ebf80000)
 ParOldGen       total 68608K, used 29683K [0x00000000c0000000, 0x00000000c4300000, 0x00000000eab00000)
  object space 68608K, 43% used [0x00000000c0000000,0x00000000c1cfcee0,0x00000000c4300000)
 Metaspace       used 61640K, committed 62720K, reserved 1114112K
  class space    used 6620K, committed 7104K, reserved 1048576K
}
Event: 86.207 GC heap after
{Heap after GC invocations=32 (full 3):
 PSYoungGen      total 19968K, used 1526K [0x00000000eab00000, 0x00000000ec600000, 0x0000000100000000)
  eden space 18432K, 0% used [0x00000000eab00000,0x00000000eab00000,0x00000000ebd00000)
  from space 1536K, 99% used [0x00000000ebe00000,0x00000000ebf7d808,0x00000000ebf80000)
  to   space 4608K, 0% used [0x00000000ec180000,0x00000000ec180000,0x00000000ec600000)
 ParOldGen       total 68608K, used 32043K [0x00000000c0000000, 0x00000000c4300000, 0x00000000eab00000)
  object space 68608K, 46% used [0x00000000c0000000,0x00000000c1f4ad10,0x00000000c4300000)
 Metaspace       used 61640K, committed 62720K, reserved 1114112K
  class space    used 6620K, committed 7104K, reserved 1048576K
}

